<?xml version="1.0" encoding="UTF-8"?>
<!-- Generated by org.testng.reporters.JUnitXMLReporter -->
<testsuite ignored="0" hostname="DESKTOP-KBM2E74" failures="0" tests="5" name="Default test" time="82.48" errors="0" timestamp="2022-12-15T11:17:45 IST">
  <testcase classname="Masters.Login" name="login" time="9.669"/>
  <testcase classname="Masters.Login" name="login" time="8.664"/>
  <testcase classname="Masters.Login" name="login" time="12.566"/>
  <testcase classname="Masters.Login" name="login" time="10.295"/>
  <testcase classname="Masters.Login" name="login" time="9.818"/>
</testsuite> <!-- Default test -->
