<?xml version="1.0" encoding="UTF-8"?>
<!-- Generated by org.testng.reporters.JUnitXMLReporter -->
<testsuite ignored="0" hostname="DESKTOP-KBM2E74" failures="0" tests="4" name="Default test" time="48.552" errors="0" timestamp="2022-12-27T18:39:05 IST">
  <testcase classname="Masters.UserRegistration" name="login" time="13.348"/>
  <testcase classname="Masters.UserRegistration" name="ADDuser" time="7.891"/>
  <testcase classname="Masters.UserRegistration" name="ADDuser" time="7.693"/>
  <testcase classname="Masters.UserRegistration" name="ADDuser" time="7.686"/>
</testsuite> <!-- Default test -->
