<?xml version="1.0" encoding="UTF-8"?>
<testng-results ignored="0" total="4" passed="4" failed="0" skipped="0">
  <reporter-output>
  </reporter-output>
  <suite started-at="2022-12-27T18:38:17 IST" name="Default suite" finished-at="2022-12-27T18:39:05 IST" duration-ms="48552">
    <groups>
    </groups>
    <test started-at="2022-12-27T18:38:17 IST" name="Default test" finished-at="2022-12-27T18:39:05 IST" duration-ms="48552">
      <class name="Masters.UserRegistration">
        <test-method is-config="true" signature="Beforetest()[pri:0, instance:Masters.UserRegistration@60bd273d]" started-at="2022-12-27T18:38:17 IST" name="Beforetest" finished-at="2022-12-27T18:38:28 IST" duration-ms="11492" status="PASS">
          <reporter-output>
          </reporter-output>
        </test-method> <!-- Beforetest -->
        <test-method signature="login()[pri:1, instance:Masters.UserRegistration@60bd273d]" started-at="2022-12-27T18:38:28 IST" name="login" finished-at="2022-12-27T18:38:42 IST" duration-ms="13348" status="PASS">
          <reporter-output>
          </reporter-output>
        </test-method> <!-- login -->
        <test-method signature="ADDuser(java.lang.String,java.lang.String)[pri:2, instance:Masters.UserRegistration@60bd273d]" started-at="2022-12-27T18:38:42 IST" name="ADDuser" data-provider="TestData" finished-at="2022-12-27T18:38:50 IST" duration-ms="7891" status="PASS">
          <params>
            <param index="0">
              <value>
                <![CDATA[ Kadam]]>
              </value>
            </param>
            <param index="1">
              <value>
                <![CDATA[9632587415]]>
              </value>
            </param>
          </params>
          <reporter-output>
          </reporter-output>
        </test-method> <!-- ADDuser -->
        <test-method signature="ADDuser(java.lang.String,java.lang.String)[pri:2, instance:Masters.UserRegistration@60bd273d]" started-at="2022-12-27T18:38:50 IST" name="ADDuser" data-provider="TestData" finished-at="2022-12-27T18:38:57 IST" duration-ms="7693" status="PASS">
          <params>
            <param index="0">
              <value>
                <![CDATA[Ghorpade]]>
              </value>
            </param>
            <param index="1">
              <value>
                <![CDATA[7418529632]]>
              </value>
            </param>
          </params>
          <reporter-output>
          </reporter-output>
        </test-method> <!-- ADDuser -->
        <test-method signature="ADDuser(java.lang.String,java.lang.String)[pri:2, instance:Masters.UserRegistration@60bd273d]" started-at="2022-12-27T18:38:57 IST" name="ADDuser" data-provider="TestData" finished-at="2022-12-27T18:39:05 IST" duration-ms="7686" status="PASS">
          <params>
            <param index="0">
              <value>
                <![CDATA[PAndit]]>
              </value>
            </param>
            <param index="1">
              <value>
                <![CDATA[8529638745]]>
              </value>
            </param>
          </params>
          <reporter-output>
          </reporter-output>
        </test-method> <!-- ADDuser -->
        <test-method is-config="true" signature="Teardown()[pri:0, instance:Masters.UserRegistration@60bd273d]" started-at="2022-12-27T18:39:05 IST" name="Teardown" finished-at="2022-12-27T18:39:05 IST" duration-ms="99" status="PASS">
          <reporter-output>
          </reporter-output>
        </test-method> <!-- Teardown -->
      </class> <!-- Masters.UserRegistration -->
    </test> <!-- Default test -->
  </suite> <!-- Default suite -->
</testng-results>
