<?xml version="1.0" encoding="UTF-8"?>
<testng-results ignored="0" total="5" passed="5" failed="0" skipped="0">
  <reporter-output>
  </reporter-output>
  <suite started-at="2022-12-15T11:16:23 IST" name="Default suite" finished-at="2022-12-15T11:17:45 IST" duration-ms="82480">
    <groups>
    </groups>
    <test started-at="2022-12-15T11:16:23 IST" name="Default test" finished-at="2022-12-15T11:17:45 IST" duration-ms="82480">
      <class name="Masters.Login">
        <test-method is-config="true" signature="Beforetest()[pri:0, instance:Masters.Login@4f80542f]" started-at="2022-12-15T11:16:23 IST" name="Beforetest" finished-at="2022-12-15T11:16:38 IST" duration-ms="14874" status="PASS">
          <reporter-output>
          </reporter-output>
        </test-method> <!-- Beforetest -->
        <test-method signature="login(java.lang.String,java.lang.String)[pri:0, instance:Masters.Login@4f80542f]" started-at="2022-12-15T11:16:38 IST" name="login" data-provider="TestData" finished-at="2022-12-15T11:16:47 IST" duration-ms="9669" status="PASS">
          <params>
            <param index="0">
              <value>
                <![CDATA[AdMin20000]]>
              </value>
            </param>
            <param index="1">
              <value>
                <![CDATA[Sama@60000]]>
              </value>
            </param>
          </params>
          <reporter-output>
          </reporter-output>
        </test-method> <!-- login -->
        <test-method signature="login(java.lang.String,java.lang.String)[pri:0, instance:Masters.Login@4f80542f]" started-at="2022-12-15T11:16:48 IST" name="login" data-provider="TestData" finished-at="2022-12-15T11:16:56 IST" duration-ms="8664" status="PASS">
          <params>
            <param index="0">
              <value>
                <![CDATA[SDHAN55260]]>
              </value>
            </param>
            <param index="1">
              <value>
                <![CDATA[Sama@60989]]>
              </value>
            </param>
          </params>
          <reporter-output>
          </reporter-output>
        </test-method> <!-- login -->
        <test-method signature="login(java.lang.String,java.lang.String)[pri:0, instance:Masters.Login@4f80542f]" started-at="2022-12-15T11:16:56 IST" name="login" data-provider="TestData" finished-at="2022-12-15T11:17:09 IST" duration-ms="12566" status="PASS">
          <params>
            <param index="0">
              <value>
                <![CDATA[AdMin]]>
              </value>
            </param>
            <param index="1">
              <value>
                <![CDATA[Sama@65400]]>
              </value>
            </param>
          </params>
          <reporter-output>
          </reporter-output>
        </test-method> <!-- login -->
        <test-method signature="login(java.lang.String,java.lang.String)[pri:0, instance:Masters.Login@4f80542f]" started-at="2022-12-15T11:17:09 IST" name="login" data-provider="TestData" finished-at="2022-12-15T11:17:19 IST" duration-ms="10295" status="PASS">
          <params>
            <param index="0">
              <value>
                <![CDATA[9875588558]]>
              </value>
            </param>
            <param index="1">
              <value>
                <![CDATA[Sama@#$@400]]>
              </value>
            </param>
          </params>
          <reporter-output>
          </reporter-output>
        </test-method> <!-- login -->
        <test-method signature="login(java.lang.String,java.lang.String)[pri:0, instance:Masters.Login@4f80542f]" started-at="2022-12-15T11:17:19 IST" name="login" data-provider="TestData" finished-at="2022-12-15T11:17:29 IST" duration-ms="9818" status="PASS">
          <params>
            <param index="0">
              <value>
                <![CDATA[AdMin30000]]>
              </value>
            </param>
            <param index="1">
              <value>
                <![CDATA[Sama@65400]]>
              </value>
            </param>
          </params>
          <reporter-output>
          </reporter-output>
        </test-method> <!-- login -->
        <test-method is-config="true" signature="Teardown()[pri:0, instance:Masters.Login@4f80542f]" started-at="2022-12-15T11:17:29 IST" name="Teardown" finished-at="2022-12-15T11:17:45 IST" duration-ms="16266" status="PASS">
          <reporter-output>
          </reporter-output>
        </test-method> <!-- Teardown -->
      </class> <!-- Masters.Login -->
    </test> <!-- Default test -->
  </suite> <!-- Default suite -->
</testng-results>
